\BOOKMARK [2][-]{subsection*.1}{\376\377\000P\000r\000o\000f\000e\000s\000s\000i\000o\000n\000a\000l\000\040\000P\000r\000e\000p\000a\000r\000a\000t\000i\000o\000n}{}% 1
\BOOKMARK [2][-]{subsection*.2}{\376\377\000H\000o\000n\000o\000r\000s\000\040\000\046\000\040\000A\000w\000a\000r\000d\000s}{}% 2
\BOOKMARK [2][-]{subsection*.3}{\376\377\000T\000e\000a\000c\000h\000i\000n\000g\000\040\000E\000x\000p\000e\000r\000i\000e\000n\000c\000e}{}% 3
\BOOKMARK [2][-]{subsection*.4}{\376\377\000F\000i\000e\000l\000d\000w\000o\000r\000k\000\040\000E\000x\000p\000e\000r\000i\000e\000n\000c\000e}{}% 4
\BOOKMARK [2][-]{subsection*.5}{\376\377\000P\000u\000b\000l\000i\000c\000a\000t\000i\000o\000n\000s}{}% 5
\BOOKMARK [3][-]{subsubsection*.6}{\376\377\000C\000o\000n\000f\000e\000r\000e\000n\000c\000e\000\040\000a\000r\000t\000i\000c\000l\000e\000s}{subsection*.5}% 6
\BOOKMARK [3][-]{subsubsection*.7}{\376\377\000T\000h\000e\000s\000e\000s\000\040\000a\000n\000d\000\040\000d\000i\000s\000s\000e\000r\000t\000a\000t\000i\000o\000n\000s}{subsection*.5}% 7
\BOOKMARK [2][-]{subsection*.8}{\376\377\000A\000d\000d\000i\000t\000i\000o\000n\000a\000l\000\040\000T\000r\000a\000i\000n\000i\000n\000g\000\040\000\046\000\040\000C\000e\000r\000t\000i\000f\000i\000c\000a\000t\000i\000o\000n\000s}{}% 8
\BOOKMARK [2][-]{subsection*.9}{\376\377\000O\000t\000h\000e\000r\000\040\000S\000k\000i\000l\000l\000s\000\040\000\046\000\040\000Q\000u\000a\000l\000i\000f\000i\000c\000a\000t\000i\000o\000n\000s}{}% 9
\BOOKMARK [3][-]{subsubsection*.10}{\376\377\000P\000r\000o\000g\000r\000a\000m\000m\000i\000n\000g}{subsection*.9}% 10
\BOOKMARK [3][-]{subsubsection*.11}{\376\377\000D\000e\000v\000e\000l\000o\000p\000m\000e\000n\000t}{subsection*.9}% 11
\BOOKMARK [3][-]{subsubsection*.12}{\376\377\000S\000u\000p\000e\000r\000c\000o\000m\000p\000u\000t\000i\000n\000g}{subsection*.9}% 12
\BOOKMARK [3][-]{subsubsection*.13}{\376\377\000L\000a\000n\000g\000u\000a\000g\000e\000s}{subsection*.9}% 13
\BOOKMARK [2][-]{subsection*.14}{\376\377\000P\000r\000o\000f\000e\000s\000s\000i\000o\000n\000a\000l\000\040\000S\000e\000r\000v\000i\000c\000e}{}% 14
\BOOKMARK [3][-]{subsubsection*.15}{\376\377\000R\000e\000v\000i\000e\000w\000e\000r}{subsection*.14}% 15
\BOOKMARK [3][-]{subsubsection*.16}{\376\377\000\050\000C\000o\000-\000\051\000O\000r\000g\000a\000n\000i\000z\000e\000r}{subsection*.14}% 16
\BOOKMARK [3][-]{subsubsection*.17}{\376\377\000M\000i\000s\000s\000i\000o\000n\000\040\000s\000u\000p\000p\000o\000r\000t}{subsection*.14}% 17
\BOOKMARK [3][-]{subsubsection*.18}{\376\377\000A\000f\000f\000i\000l\000i\000a\000t\000i\000o\000n\000s}{subsection*.14}% 18
\BOOKMARK [2][-]{subsection*.19}{\376\377\000C\000o\000n\000f\000e\000r\000e\000n\000c\000e\000\040\000P\000r\000e\000s\000e\000n\000t\000a\000t\000i\000o\000n\000s}{}% 19
\BOOKMARK [2][-]{subsection*.20}{\376\377\000P\000r\000e\000s\000s}{}% 20
